*** Starting uWSGI 2.0.15 (64bit) on [Tue Dec 26 12:24:30 2017] ***
compiled with version: 5.4.0 20160609 on 16 December 2017 10:28:08
os: Linux-4.4.0-31-generic #50-Ubuntu SMP Wed Jul 13 00:07:12 UTC 2016
nodename: ubuntu
machine: x86_64
clock source: unix
pcre jit disabled
detected number of CPU cores: 2
current working directory: /home/python/Desktop/django_test/dailyfresh/dailyfresh
writing pidfile to uwsgi.pid
detected binary path: /home/python/.virtualenvs/dj1/bin/uwsgi
chdir() to /home/python/Desktop/django_test/dailyfresh/dailyfresh
your processes number limit is 15581
your memory page size is 4096 bytes
detected max file descriptor number: 1024
lock engine: pthread robust mutexes
thunder lock: disabled (you can enable it with --thunder-lock)
probably another instance of uWSGI is running on the same address (127.0.0.1:8000).
bind(): Address already in use [core/socket.c line 769]
*** Starting uWSGI 2.0.15 (64bit) on [Tue Dec 26 13:38:55 2017] ***
compiled with version: 5.4.0 20160609 on 16 December 2017 10:28:08
os: Linux-4.4.0-31-generic #50-Ubuntu SMP Wed Jul 13 00:07:12 UTC 2016
nodename: ubuntu
machine: x86_64
clock source: unix
pcre jit disabled
detected number of CPU cores: 2
current working directory: /home/python/Desktop/django_test/dailyfresh/dailyfresh
writing pidfile to uwsgi.pid
detected binary path: /home/python/.virtualenvs/dj1/bin/uwsgi
chdir() to /home/python/Desktop/django_test/dailyfresh/dailyfresh
your processes number limit is 15581
your memory page size is 4096 bytes
detected max file descriptor number: 1024
lock engine: pthread robust mutexes
thunder lock: disabled (you can enable it with --thunder-lock)
uWSGI http bound on 192.168.1.103:8000 fd 3
uwsgi socket 0 bound to TCP address 外网ip:端口（使用nginx连接时，使用socket） fd 6
Python version: 2.7.12 (default, Nov 20 2017, 18:23:56)  [GCC 5.4.0 20160609]
Python main interpreter initialized at 0x1540340
python threads support enabled
your server socket listen backlog is limited to 100 connections
your mercy for graceful operations on workers is 60 seconds
mapped 415360 bytes (405 KB) for 8 cores
*** Operational MODE: preforking+threaded ***
WSGI app 0 (mountpoint='') ready in 0 seconds on interpreter 0x1540340 pid: 2898 (default app)
*** uWSGI is running in multiple interpreter mode ***
spawned uWSGI master process (pid: 2898)
spawned uWSGI worker 1 (pid: 2939, cores: 2)
spawned uWSGI worker 2 (pid: 2940, cores: 2)
spawned uWSGI worker 3 (pid: 2941, cores: 2)
spawned uWSGI worker 4 (pid: 2942, cores: 2)
spawned uWSGI http 1 (pid: 2943)
SIGINT/SIGQUIT received...killing workers...
gateway "uWSGI http 1" has been buried (pid: 2943)
worker 1 buried after 1 seconds
worker 2 buried after 1 seconds
worker 3 buried after 1 seconds
worker 4 buried after 1 seconds
goodbye to uWSGI.
*** Starting uWSGI 2.0.15 (64bit) on [Tue Dec 26 13:46:05 2017] ***
compiled with version: 5.4.0 20160609 on 16 December 2017 10:28:08
os: Linux-4.4.0-31-generic #50-Ubuntu SMP Wed Jul 13 00:07:12 UTC 2016
nodename: ubuntu
machine: x86_64
clock source: unix
pcre jit disabled
detected number of CPU cores: 2
current working directory: /home/python/Desktop/django_test/dailyfresh/dailyfresh
writing pidfile to uwsgi.pid
detected binary path: /home/python/.virtualenvs/dj1/bin/uwsgi
chdir() to /home/python/Desktop/django_test/dailyfresh/dailyfresh
your processes number limit is 15581
your memory page size is 4096 bytes
detected max file descriptor number: 1024
lock engine: pthread robust mutexes
thunder lock: disabled (you can enable it with --thunder-lock)
uWSGI http bound on 192.168.1.103:8000 fd 3
uwsgi socket 0 bound to TCP address 外网ip:端口（使用nginx连接时，使用socket） fd 6
Python version: 2.7.12 (default, Nov 20 2017, 18:23:56)  [GCC 5.4.0 20160609]
Python main interpreter initialized at 0x1760340
python threads support enabled
your server socket listen backlog is limited to 100 connections
your mercy for graceful operations on workers is 60 seconds
mapped 415360 bytes (405 KB) for 8 cores
*** Operational MODE: preforking+threaded ***
WSGI app 0 (mountpoint='') ready in 0 seconds on interpreter 0x1760340 pid: 3836 (default app)
*** uWSGI is running in multiple interpreter mode ***
spawned uWSGI master process (pid: 3836)
spawned uWSGI worker 1 (pid: 3851, cores: 2)
spawned uWSGI worker 2 (pid: 3852, cores: 2)
spawned uWSGI worker 3 (pid: 3853, cores: 2)
spawned uWSGI worker 4 (pid: 3854, cores: 2)
spawned uWSGI http 1 (pid: 3856)
*** Starting uWSGI 2.0.15 (64bit) on [Tue Dec 26 15:26:58 2017] ***
compiled with version: 5.4.0 20160609 on 16 December 2017 10:28:08
os: Linux-4.4.0-31-generic #50-Ubuntu SMP Wed Jul 13 00:07:12 UTC 2016
nodename: ubuntu
machine: x86_64
clock source: unix
pcre jit disabled
detected number of CPU cores: 2
current working directory: /home/python/Desktop/django_test/dailyfresh/dailyfresh
writing pidfile to uwsgi.pid
detected binary path: /home/python/.virtualenvs/dj1/bin/uwsgi
chdir() to /home/python/Desktop/django_test/dailyfresh/dailyfresh
your processes number limit is 15581
your memory page size is 4096 bytes
detected max file descriptor number: 1024
lock engine: pthread robust mutexes
thunder lock: disabled (you can enable it with --thunder-lock)
probably another instance of uWSGI is running on the same address (192.168.1.103:8080).
bind(): Address already in use [core/socket.c line 769]
*** Starting uWSGI 2.0.15 (64bit) on [Tue Dec 26 15:36:51 2017] ***
compiled with version: 5.4.0 20160609 on 16 December 2017 10:28:08
os: Linux-4.4.0-31-generic #50-Ubuntu SMP Wed Jul 13 00:07:12 UTC 2016
nodename: ubuntu
machine: x86_64
clock source: unix
pcre jit disabled
detected number of CPU cores: 2
current working directory: /home/python/Desktop/django_test/dailyfresh/dailyfresh
writing pidfile to uwsgi.pid
detected binary path: /home/python/.virtualenvs/dj1/bin/uwsgi
chdir() to /home/python/Desktop/django_test/dailyfresh/dailyfresh
your processes number limit is 15581
your memory page size is 4096 bytes
detected max file descriptor number: 1024
lock engine: pthread robust mutexes
thunder lock: disabled (you can enable it with --thunder-lock)
probably another instance of uWSGI is running on the same address (192.168.1.103:8080).
bind(): Address already in use [core/socket.c line 769]
*** Starting uWSGI 2.0.15 (64bit) on [Tue Dec 26 15:41:48 2017] ***
compiled with version: 5.4.0 20160609 on 16 December 2017 10:28:08
os: Linux-4.4.0-31-generic #50-Ubuntu SMP Wed Jul 13 00:07:12 UTC 2016
nodename: ubuntu
machine: x86_64
clock source: unix
pcre jit disabled
detected number of CPU cores: 2
current working directory: /home/python/Desktop/django_test/dailyfresh/dailyfresh
writing pidfile to uwsgi.pid
detected binary path: /home/python/.virtualenvs/dj1/bin/uwsgi
chdir() to /home/python/Desktop/django_test/dailyfresh/dailyfresh
your processes number limit is 15581
your memory page size is 4096 bytes
detected max file descriptor number: 1024
lock engine: pthread robust mutexes
thunder lock: disabled (you can enable it with --thunder-lock)
probably another instance of uWSGI is running on the same address (192.168.1.103:8080).
bind(): Address already in use [core/socket.c line 769]
gateway "uWSGI http 1" has been buried (pid: 3856)
...brutally killing workers...
worker 1 buried after 1 seconds
worker 2 buried after 1 seconds
worker 3 buried after 1 seconds
worker 4 buried after 1 seconds
binary reloading uWSGI...
chdir() to /home/python/Desktop/django_test/dailyfresh/dailyfresh
closing all non-uwsgi socket fds > 2 (max_fd = 1024)...
found fd 6 mapped to socket 0 (外网ip:端口（使用nginx连接时，使用socket）)
running /home/python/.virtualenvs/dj1/bin/uwsgi
[uWSGI] getting INI configuration from uwsgi.ini
*** Starting uWSGI 2.0.15 (64bit) on [Tue Dec 26 08:27:40 2017] ***
compiled with version: 5.4.0 20160609 on 16 December 2017 10:28:08
os: Linux-4.4.0-31-generic #50-Ubuntu SMP Wed Jul 13 00:07:12 UTC 2016
nodename: ubuntu
machine: x86_64
clock source: unix
pcre jit disabled
detected number of CPU cores: 2
current working directory: /home/python/Desktop/django_test/dailyfresh/dailyfresh
detected binary path: /home/python/.virtualenvs/dj1/bin/uwsgi
chdir() to /home/python/Desktop/django_test/dailyfresh/dailyfresh
your processes number limit is 15581
your memory page size is 4096 bytes
detected max file descriptor number: 1024
lock engine: pthread robust mutexes
thunder lock: disabled (you can enable it with --thunder-lock)
probably another instance of uWSGI is running on the same address (192.168.1.103:8080).
bind(): Address already in use [core/socket.c line 769]
*** Starting uWSGI 2.0.15 (64bit) on [Tue Dec 26 16:27:58 2017] ***
compiled with version: 5.4.0 20160609 on 16 December 2017 10:28:08
os: Linux-4.4.0-31-generic #50-Ubuntu SMP Wed Jul 13 00:07:12 UTC 2016
nodename: ubuntu
machine: x86_64
clock source: unix
pcre jit disabled
detected number of CPU cores: 2
current working directory: /home/python/Desktop/django_test/dailyfresh/dailyfresh
writing pidfile to uwsgi.pid
detected binary path: /home/python/.virtualenvs/dj1/bin/uwsgi
chdir() to /home/python/Desktop/django_test/dailyfresh/dailyfresh
your processes number limit is 15581
your memory page size is 4096 bytes
detected max file descriptor number: 1024
lock engine: pthread robust mutexes
thunder lock: disabled (you can enable it with --thunder-lock)
probably another instance of uWSGI is running on the same address (192.168.1.103:8080).
bind(): Address already in use [core/socket.c line 769]
*** Starting uWSGI 2.0.15 (64bit) on [Tue Dec 26 16:28:31 2017] ***
compiled with version: 5.4.0 20160609 on 16 December 2017 10:28:08
os: Linux-4.4.0-31-generic #50-Ubuntu SMP Wed Jul 13 00:07:12 UTC 2016
nodename: ubuntu
machine: x86_64
clock source: unix
pcre jit disabled
detected number of CPU cores: 2
current working directory: /home/python/Desktop/django_test/dailyfresh/dailyfresh
writing pidfile to uwsgi.pid
detected binary path: /home/python/.virtualenvs/dj1/bin/uwsgi
chdir() to /home/python/Desktop/django_test/dailyfresh/dailyfresh
your processes number limit is 15581
your memory page size is 4096 bytes
detected max file descriptor number: 1024
lock engine: pthread robust mutexes
thunder lock: disabled (you can enable it with --thunder-lock)
probably another instance of uWSGI is running on the same address (192.168.1.103:8080).
bind(): Address already in use [core/socket.c line 769]
*** Starting uWSGI 2.0.15 (64bit) on [Tue Dec 26 16:29:06 2017] ***
compiled with version: 5.4.0 20160609 on 16 December 2017 10:28:08
os: Linux-4.4.0-31-generic #50-Ubuntu SMP Wed Jul 13 00:07:12 UTC 2016
nodename: ubuntu
machine: x86_64
clock source: unix
pcre jit disabled
detected number of CPU cores: 2
current working directory: /home/python/Desktop/django_test/dailyfresh/dailyfresh
writing pidfile to uwsgi.pid
detected binary path: /home/python/.virtualenvs/dj1/bin/uwsgi
chdir() to /home/python/Desktop/django_test/dailyfresh/dailyfresh
your processes number limit is 15581
your memory page size is 4096 bytes
detected max file descriptor number: 1024
lock engine: pthread robust mutexes
thunder lock: disabled (you can enable it with --thunder-lock)
probably another instance of uWSGI is running on the same address (192.168.1.103:8080).
bind(): Address already in use [core/socket.c line 769]
*** Starting uWSGI 2.0.15 (64bit) on [Tue Dec 26 16:30:07 2017] ***
compiled with version: 5.4.0 20160609 on 16 December 2017 10:28:08
os: Linux-4.4.0-31-generic #50-Ubuntu SMP Wed Jul 13 00:07:12 UTC 2016
nodename: ubuntu
machine: x86_64
clock source: unix
pcre jit disabled
detected number of CPU cores: 2
current working directory: /home/python/Desktop/django_test/dailyfresh/dailyfresh
writing pidfile to uwsgi.pid
detected binary path: /home/python/.virtualenvs/dj1/bin/uwsgi
chdir() to /home/python/Desktop/django_test/dailyfresh/dailyfresh
your processes number limit is 15581
your memory page size is 4096 bytes
detected max file descriptor number: 1024
lock engine: pthread robust mutexes
thunder lock: disabled (you can enable it with --thunder-lock)
probably another instance of uWSGI is running on the same address (192.168.1.103:8080).
bind(): Address already in use [core/socket.c line 769]
*** Starting uWSGI 2.0.15 (64bit) on [Tue Dec 26 16:37:12 2017] ***
compiled with version: 5.4.0 20160609 on 16 December 2017 10:28:08
os: Linux-4.4.0-31-generic #50-Ubuntu SMP Wed Jul 13 00:07:12 UTC 2016
nodename: ubuntu
machine: x86_64
clock source: unix
pcre jit disabled
detected number of CPU cores: 2
current working directory: /home/python/Desktop/django_test/dailyfresh/dailyfresh
writing pidfile to uwsgi.pid
detected binary path: /home/python/.virtualenvs/dj1/bin/uwsgi
chdir() to /home/python/Desktop/django_test/dailyfresh/dailyfresh
your processes number limit is 15581
your memory page size is 4096 bytes
detected max file descriptor number: 1024
lock engine: pthread robust mutexes
thunder lock: disabled (you can enable it with --thunder-lock)
uwsgi socket 0 bound to TCP address 192.168.1.103:8080 fd 3
Python version: 2.7.12 (default, Nov 20 2017, 18:23:56)  [GCC 5.4.0 20160609]
Python main interpreter initialized at 0x12d3e10
python threads support enabled
your server socket listen backlog is limited to 100 connections
your mercy for graceful operations on workers is 60 seconds
mapped 415360 bytes (405 KB) for 8 cores
*** Operational MODE: preforking+threaded ***
WSGI app 0 (mountpoint='') ready in 1 seconds on interpreter 0x12d3e10 pid: 3017 (default app)
*** uWSGI is running in multiple interpreter mode ***
spawned uWSGI master process (pid: 3017)
spawned uWSGI worker 1 (pid: 3020, cores: 2)
spawned uWSGI worker 2 (pid: 3021, cores: 2)
spawned uWSGI worker 3 (pid: 3022, cores: 2)
spawned uWSGI worker 4 (pid: 3023, cores: 2)
SIGINT/SIGQUIT received...killing workers...
worker 1 buried after 1 seconds
worker 2 buried after 1 seconds
worker 3 buried after 1 seconds
worker 4 buried after 1 seconds
goodbye to uWSGI.
*** Starting uWSGI 2.0.15 (64bit) on [Tue Dec 26 16:43:55 2017] ***
compiled with version: 5.4.0 20160609 on 16 December 2017 10:28:08
os: Linux-4.4.0-31-generic #50-Ubuntu SMP Wed Jul 13 00:07:12 UTC 2016
nodename: ubuntu
machine: x86_64
clock source: unix
pcre jit disabled
detected number of CPU cores: 2
current working directory: /home/python/Desktop/django_test/dailyfresh/dailyfresh
writing pidfile to uwsgi.pid
detected binary path: /home/python/.virtualenvs/dj1/bin/uwsgi
chdir() to /home/python/Desktop/django_test/dailyfresh/dailyfresh
your processes number limit is 15581
your memory page size is 4096 bytes
detected max file descriptor number: 1024
lock engine: pthread robust mutexes
thunder lock: disabled (you can enable it with --thunder-lock)
probably another instance of uWSGI is running on the same address (192.168.1.103:8000).
bind(): Address already in use [core/socket.c line 769]
*** Starting uWSGI 2.0.15 (64bit) on [Tue Dec 26 16:44:29 2017] ***
compiled with version: 5.4.0 20160609 on 16 December 2017 10:28:08
os: Linux-4.4.0-31-generic #50-Ubuntu SMP Wed Jul 13 00:07:12 UTC 2016
nodename: ubuntu
machine: x86_64
clock source: unix
pcre jit disabled
detected number of CPU cores: 2
current working directory: /home/python/Desktop/django_test/dailyfresh/dailyfresh
writing pidfile to uwsgi.pid
detected binary path: /home/python/.virtualenvs/dj1/bin/uwsgi
chdir() to /home/python/Desktop/django_test/dailyfresh/dailyfresh
your processes number limit is 15581
your memory page size is 4096 bytes
detected max file descriptor number: 1024
lock engine: pthread robust mutexes
thunder lock: disabled (you can enable it with --thunder-lock)
probably another instance of uWSGI is running on the same address (192.168.1.103:8000).
bind(): Address already in use [core/socket.c line 769]
*** Starting uWSGI 2.0.15 (64bit) on [Tue Dec 26 16:50:52 2017] ***
compiled with version: 5.4.0 20160609 on 16 December 2017 10:28:08
os: Linux-4.4.0-31-generic #50-Ubuntu SMP Wed Jul 13 00:07:12 UTC 2016
nodename: ubuntu
machine: x86_64
clock source: unix
pcre jit disabled
detected number of CPU cores: 2
current working directory: /home/python/Desktop/django_test/dailyfresh/dailyfresh
writing pidfile to uwsgi.pid
detected binary path: /home/python/.virtualenvs/dj1/bin/uwsgi
chdir() to /home/python/Desktop/django_test/dailyfresh/dailyfresh
your processes number limit is 15581
your memory page size is 4096 bytes
detected max file descriptor number: 1024
lock engine: pthread robust mutexes
thunder lock: disabled (you can enable it with --thunder-lock)
probably another instance of uWSGI is running on the same address (192.168.1.103:8000).
bind(): Address already in use [core/socket.c line 769]
*** Starting uWSGI 2.0.15 (64bit) on [Tue Dec 26 16:57:35 2017] ***
compiled with version: 5.4.0 20160609 on 16 December 2017 10:28:08
os: Linux-4.4.0-31-generic #50-Ubuntu SMP Wed Jul 13 00:07:12 UTC 2016
nodename: ubuntu
machine: x86_64
clock source: unix
pcre jit disabled
detected number of CPU cores: 2
current working directory: /home/python/Desktop/django_test/dailyfresh/dailyfresh
writing pidfile to uwsgi.pid
detected binary path: /home/python/.virtualenvs/dj1/bin/uwsgi
chdir() to /home/python/Desktop/django_test/dailyfresh/dailyfresh
your processes number limit is 15581
your memory page size is 4096 bytes
detected max file descriptor number: 1024
lock engine: pthread robust mutexes
thunder lock: disabled (you can enable it with --thunder-lock)
probably another instance of uWSGI is running on the same address (192.168.1.103:8000).
bind(): Address already in use [core/socket.c line 769]
*** Starting uWSGI 2.0.15 (64bit) on [Tue Dec 26 17:00:54 2017] ***
compiled with version: 5.4.0 20160609 on 16 December 2017 10:28:08
os: Linux-4.4.0-31-generic #50-Ubuntu SMP Wed Jul 13 00:07:12 UTC 2016
nodename: ubuntu
machine: x86_64
clock source: unix
pcre jit disabled
detected number of CPU cores: 2
current working directory: /home/python/Desktop/django_test/dailyfresh/dailyfresh
writing pidfile to uwsgi.pid
detected binary path: /home/python/.virtualenvs/dj1/bin/uwsgi
chdir() to /home/python/Desktop/django_test/dailyfresh/dailyfresh
your processes number limit is 15581
your memory page size is 4096 bytes
detected max file descriptor number: 1024
lock engine: pthread robust mutexes
thunder lock: disabled (you can enable it with --thunder-lock)
probably another instance of uWSGI is running on the same address (192.168.1.103:8000).
bind(): Address already in use [core/socket.c line 769]
*** Starting uWSGI 2.0.15 (64bit) on [Tue Dec 26 17:27:42 2017] ***
compiled with version: 5.4.0 20160609 on 16 December 2017 10:28:08
os: Linux-4.4.0-31-generic #50-Ubuntu SMP Wed Jul 13 00:07:12 UTC 2016
nodename: ubuntu
machine: x86_64
clock source: unix
pcre jit disabled
detected number of CPU cores: 2
current working directory: /home/python/Desktop/django_test/dailyfresh/dailyfresh
writing pidfile to uwsgi.pid
detected binary path: /home/python/.virtualenvs/dj1/bin/uwsgi
chdir() to /home/python/Desktop/django_test/dailyfresh/dailyfresh
your processes number limit is 15581
your memory page size is 4096 bytes
detected max file descriptor number: 1024
lock engine: pthread robust mutexes
thunder lock: disabled (you can enable it with --thunder-lock)
uwsgi socket 0 bound to TCP address 192.168.1.103:8000 fd 3
Python version: 2.7.12 (default, Nov 20 2017, 18:23:56)  [GCC 5.4.0 20160609]
Python main interpreter initialized at 0x26a0e10
python threads support enabled
your server socket listen backlog is limited to 100 connections
your mercy for graceful operations on workers is 60 seconds
mapped 415360 bytes (405 KB) for 8 cores
*** Operational MODE: preforking+threaded ***
WSGI app 0 (mountpoint='') ready in 0 seconds on interpreter 0x26a0e10 pid: 2970 (default app)
*** uWSGI is running in multiple interpreter mode ***
spawned uWSGI master process (pid: 2970)
spawned uWSGI worker 1 (pid: 2973, cores: 2)
spawned uWSGI worker 2 (pid: 2974, cores: 2)
spawned uWSGI worker 3 (pid: 2975, cores: 2)
spawned uWSGI worker 4 (pid: 2976, cores: 2)
invalid request block size: 21573 (max 4096)...skip
invalid request block size: 21573 (max 4096)...skip
invalid request block size: 21573 (max 4096)...skip
invalid request block size: 21573 (max 4096)...skip
invalid request block size: 21573 (max 4096)...skip
invalid request block size: 21573 (max 4096)...skip
invalid request block size: 21573 (max 4096)...skip
invalid request block size: 21573 (max 4096)...skip
invalid request block size: 21573 (max 4096)...skip
invalid request block size: 21573 (max 4096)...skip
invalid request block size: 21573 (max 4096)...skip
invalid request block size: 21573 (max 4096)...skip
invalid request block size: 21573 (max 4096)...skip
invalid request block size: 21573 (max 4096)...skip
invalid request block size: 21573 (max 4096)...skip
invalid request block size: 21573 (max 4096)...skip
invalid request block size: 21573 (max 4096)...skip
...gracefully killing workers...
Gracefully killing worker 1 (pid: 2973)...
Gracefully killing worker 2 (pid: 2974)...
Gracefully killing worker 3 (pid: 2975)...
Gracefully killing worker 4 (pid: 2976)...
worker 1 buried after 1 seconds
worker 2 buried after 1 seconds
worker 3 buried after 1 seconds
worker 4 buried after 1 seconds
binary reloading uWSGI...
chdir() to /home/python/Desktop/django_test/dailyfresh/dailyfresh
closing all non-uwsgi socket fds > 2 (max_fd = 1024)...
found fd 3 mapped to socket 0 (192.168.1.103:8000)
running /home/python/.virtualenvs/dj1/bin/uwsgi
[uWSGI] getting INI configuration from uwsgi.ini
*** Starting uWSGI 2.0.15 (64bit) on [Tue Dec 26 17:33:54 2017] ***
compiled with version: 5.4.0 20160609 on 16 December 2017 10:28:08
os: Linux-4.4.0-31-generic #50-Ubuntu SMP Wed Jul 13 00:07:12 UTC 2016
nodename: ubuntu
machine: x86_64
clock source: unix
pcre jit disabled
detected number of CPU cores: 2
current working directory: /home/python/Desktop/django_test/dailyfresh/dailyfresh
detected binary path: /home/python/.virtualenvs/dj1/bin/uwsgi
chdir() to /home/python/Desktop/django_test/dailyfresh/dailyfresh
your processes number limit is 15581
your memory page size is 4096 bytes
detected max file descriptor number: 1024
lock engine: pthread robust mutexes
thunder lock: disabled (you can enable it with --thunder-lock)
probably another instance of uWSGI is running on the same address (192.168.1.103:8080).
bind(): Address already in use [core/socket.c line 769]
